2015/12/29 05:00:31 running heroku-cli/4.27.9-cce0260 (amd64-linux) go1.5.2 from /home/nitrous/.heroku/heroku-cli
2015/12/29 05:00:32 heroku-cli: Adding dependencies...
2015/12/29 05:00:33  done
2015/12/29 05:00:33 heroku-cli: Installing core plugins...
2015/12/29 05:00:45  done
2015/12/29 05:00:45 running heroku-cli/4.27.9-cce0260 (amd64-linux) go1.5.2 from /home/nitrous/.heroku/heroku-cli
2016/04/20 21:42:48 running heroku-cli/4.27.9-cce0260 (amd64-linux) go1.5.2 from /home/nitrous/.heroku/heroku-cli
2016/04/20 21:42:48 Updating Heroku v4 CLI to 4.29.4-8a30ba5 (master)... 
2016/04/20 21:42:49 done
2016/04/20 21:42:49 Updating plugins... 
2016/04/20 21:43:05 Error reading plugin heroku-status. Reinstalling... 
2016/04/20 21:46:00 heroku-cli: Installing core plugins...
2016/04/20 21:46:10  !
2016/04/20 21:46:10  ▸    npm ERR! error in /home/nitrous/.heroku/node_modules/heroku-orgs: ENOENT: no such file or directory, open '/home/nitrous/.heroku/node_modules/heroku-orgs/package.json'
 ▸    npm ERR! error in /home/nitrous/.heroku/node_modules/heroku-pipelines: ENOENT: no such file or directory, open '/home/nitrous/.heroku/node_modules/heroku-pipelines/package.json'
 ▸    npm ERR! error in /home/nitrous/.heroku/node_modules/heroku-spaces: ENOENT: no such file or directory, open '/home/nitrous/.heroku/node_modules/heroku-spaces/package.json'
2016/04/20 21:46:10 goroutine 1 [running]:
runtime/debug.Stack(0x0, 0x0, 0x0)
/usr/local/Cellar/go/1.6.1/libexec/src/runtime/debug/stack.go:24 +0x80
main.WarnIfError(0x7f22b7057028, 0xc8203a3520)
/Users/jdickey/src/github.com/heroku/heroku-cli/io.go:139 +0x131
main.SetupBuiltinPlugins.func1()
/Users/jdickey/src/github.com/heroku/heroku-cli/plugins.go:377 +0xa9
main.action(0x905360, 0x23, 0x890ed0, 0x4, 0xc8211a5cb0)
/Users/jdickey/src/github.com/heroku/heroku-cli/io.go:288 +0x1bb
main.SetupBuiltinPlugins()
/Users/jdickey/src/github.com/heroku/heroku-cli/plugins.go:382 +0xf5
main.glob.func1(0xc8200163c0)
/Users/jdickey/src/github.com/heroku/heroku-cli/command.go:227 +0x3f
main.(*Cli).Run(0xab8560, 0xc82000a270, 0x3, 0x3, 0xecea9ef00)
/Users/jdickey/src/github.com/heroku/heroku-cli/cli.go:83 +0x5d9
main.main()
/Users/jdickey/src/github.com/heroku/heroku-cli/main.go:102 +0x126

2016/04/20 21:46:11 heroku-cli: Installing core plugins (retrying)...
2016/04/20 21:46:15  !
2016/04/20 21:46:15  ▸    Error installing package. 
 ▸    npm WARN enoent ENOENT: no such file or directory, open '/home/nitrous/.heroku/package.json'
 ▸    npm WARN .heroku No description
 ▸    npm WARN .heroku No repository field.
 ▸    npm WARN .heroku No README data
 ▸    npm WARN .heroku No license field.
 ▸    npm ERR! Linux 4.2.0-18-generic
 ▸    npm ERR! argv "/home/nitrous/.heroku/node-5.10.1-linux-amd64/node" "/home/nitrous/.heroku/npm-3.8.5/cli.js" "install" "heroku-orgs" "heroku-pipelines" "heroku-spaces"
 ▸    npm ERR! node v5.10.1
 ▸    npm ERR! npm  v3.8.5
 ▸    npm ERR! path /home/nitrous/.heroku/node_modules/heroku-cli-addons
 ▸    npm ERR! code EXDEV
 ▸    npm ERR! errno -18
 ▸    npm ERR! syscall rename
 ▸    
 ▸    npm ERR! EXDEV: cross-device link not permitted, rename '/home/nitrous/.heroku/node_modules/heroku-cli-addons' -> '/home/nitrous/.heroku/node_modules/.heroku-cli-addons.DELETE'
 ▸    npm ERR! 
 ▸    npm ERR! If you need help, you may report this error at:
 ▸    npm ERR!     <https://github.com/npm/npm/issues>
 ▸    
 ▸    npm ERR! Please include the following file with any support request:
 ▸    npm ERR!     /home/nitrous/.heroku/npm-debug.log
 ▸    
 ▸    Try running again with GODE_DEBUG=info to see more output.
2016/04/20 21:46:15 goroutine 1 [running]:
runtime/debug.Stack(0x0, 0x0, 0x0)
/usr/local/Cellar/go/1.6.1/libexec/src/runtime/debug/stack.go:24 +0x80
main.ExitIfError(0x7f22b7057028, 0xc821371fb0)
/Users/jdickey/src/github.com/heroku/heroku-cli/io.go:183 +0x132
main.SetupBuiltinPlugins.func1()
/Users/jdickey/src/github.com/heroku/heroku-cli/plugins.go:380 +0x1de
main.action(0x905360, 0x23, 0x890ed0, 0x4, 0xc8211a5cb0)
/Users/jdickey/src/github.com/heroku/heroku-cli/io.go:288 +0x1bb
main.SetupBuiltinPlugins()
/Users/jdickey/src/github.com/heroku/heroku-cli/plugins.go:382 +0xf5
main.glob.func1(0xc8200163c0)
/Users/jdickey/src/github.com/heroku/heroku-cli/command.go:227 +0x3f
main.(*Cli).Run(0xab8560, 0xc82000a270, 0x3, 0x3, 0xecea9ef00)
/Users/jdickey/src/github.com/heroku/heroku-cli/cli.go:83 +0x5d9
main.main()
/Users/jdickey/src/github.com/heroku/heroku-cli/main.go:102 +0x126

2016/04/20 21:46:20 heroku-cli: Installing core plugins...
2016/04/20 21:46:28  !
2016/04/20 21:46:28  ▸    npm ERR! error in /home/nitrous/.heroku/node_modules/heroku-orgs: ENOENT: no such file or directory, open '/home/nitrous/.heroku/node_modules/heroku-orgs/package.json'
 ▸    npm ERR! error in /home/nitrous/.heroku/node_modules/heroku-pipelines: ENOENT: no such file or directory, open '/home/nitrous/.heroku/node_modules/heroku-pipelines/package.json'
 ▸    npm ERR! error in /home/nitrous/.heroku/node_modules/heroku-spaces: ENOENT: no such file or directory, open '/home/nitrous/.heroku/node_modules/heroku-spaces/package.json'
2016/04/20 21:46:28 goroutine 1 [running]:
runtime/debug.Stack(0x0, 0x0, 0x0)
/usr/local/Cellar/go/1.6.1/libexec/src/runtime/debug/stack.go:24 +0x80
main.WarnIfError(0x7f4b78cda028, 0xc8200e6160)
/Users/jdickey/src/github.com/heroku/heroku-cli/io.go:139 +0x131
main.SetupBuiltinPlugins.func1()
/Users/jdickey/src/github.com/heroku/heroku-cli/plugins.go:377 +0xa9
main.action(0x905360, 0x23, 0x890ed0, 0x4, 0xc8200d9cb0)
/Users/jdickey/src/github.com/heroku/heroku-cli/io.go:288 +0x1bb
main.SetupBuiltinPlugins()
/Users/jdickey/src/github.com/heroku/heroku-cli/plugins.go:382 +0xf5
main.glob.func1(0xc8200160f0)
/Users/jdickey/src/github.com/heroku/heroku-cli/command.go:227 +0x3f
main.(*Cli).Run(0xab8560, 0xc82000a270, 0x3, 0x3, 0xecea9ef00)
/Users/jdickey/src/github.com/heroku/heroku-cli/cli.go:83 +0x5d9
main.main()
/Users/jdickey/src/github.com/heroku/heroku-cli/main.go:102 +0x126

2016/04/20 21:46:28 heroku-cli: Installing core plugins (retrying)...
2016/04/20 21:46:33  !
2016/04/20 21:46:33  ▸    Error installing package. 
 ▸    npm WARN enoent ENOENT: no such file or directory, open '/home/nitrous/.heroku/package.json'
 ▸    npm WARN .heroku No description
 ▸    npm WARN .heroku No repository field.
 ▸    npm WARN .heroku No README data
 ▸    npm WARN .heroku No license field.
 ▸    npm ERR! Linux 4.2.0-18-generic
 ▸    npm ERR! argv "/home/nitrous/.heroku/node-5.10.1-linux-amd64/node" "/home/nitrous/.heroku/npm-3.8.5/cli.js" "install" "heroku-apps" "heroku-cli-addons" "heroku-orgs" "heroku-pipelines" "heroku-spaces"
 ▸    npm ERR! node v5.10.1
 ▸    npm ERR! npm  v3.8.5
 ▸    npm ERR! path /home/nitrous/.heroku/node_modules/heroku-client
 ▸    npm ERR! code EXDEV
 ▸    npm ERR! errno -18
 ▸    npm ERR! syscall rename
 ▸    
 ▸    npm ERR! EXDEV: cross-device link not permitted, rename '/home/nitrous/.heroku/node_modules/heroku-client' -> '/home/nitrous/.heroku/node_modules/.heroku-client.DELETE'
 ▸    npm ERR! 
 ▸    npm ERR! If you need help, you may report this error at:
 ▸    npm ERR!     <https://github.com/npm/npm/issues>
 ▸    
 ▸    npm ERR! Please include the following file with any support request:
 ▸    npm ERR!     /home/nitrous/.heroku/npm-debug.log
 ▸    
 ▸    Try running again with GODE_DEBUG=info to see more output.
2016/04/20 21:46:33 goroutine 1 [running]:
runtime/debug.Stack(0x0, 0x0, 0x0)
/usr/local/Cellar/go/1.6.1/libexec/src/runtime/debug/stack.go:24 +0x80
main.ExitIfError(0x7f4b78cda028, 0xc8203e42b0)
/Users/jdickey/src/github.com/heroku/heroku-cli/io.go:183 +0x132
main.SetupBuiltinPlugins.func1()
/Users/jdickey/src/github.com/heroku/heroku-cli/plugins.go:380 +0x1de
main.action(0x905360, 0x23, 0x890ed0, 0x4, 0xc8200d9cb0)
/Users/jdickey/src/github.com/heroku/heroku-cli/io.go:288 +0x1bb
main.SetupBuiltinPlugins()
/Users/jdickey/src/github.com/heroku/heroku-cli/plugins.go:382 +0xf5
main.glob.func1(0xc8200160f0)
/Users/jdickey/src/github.com/heroku/heroku-cli/command.go:227 +0x3f
main.(*Cli).Run(0xab8560, 0xc82000a270, 0x3, 0x3, 0xecea9ef00)
/Users/jdickey/src/github.com/heroku/heroku-cli/cli.go:83 +0x5d9
main.main()
/Users/jdickey/src/github.com/heroku/heroku-cli/main.go:102 +0x126

2016/04/20 21:47:26 heroku-cli: Installing core plugins...
2016/04/20 21:47:31  !
2016/04/20 21:47:31  ▸    npm ERR! error in /home/nitrous/.heroku/node_modules/heroku-orgs: ENOENT: no such file or directory, open '/home/nitrous/.heroku/node_modules/heroku-orgs/package.json'
 ▸    npm ERR! error in /home/nitrous/.heroku/node_modules/heroku-pipelines: ENOENT: no such file or directory, open '/home/nitrous/.heroku/node_modules/heroku-pipelines/package.json'
 ▸    npm ERR! error in /home/nitrous/.heroku/node_modules/heroku-spaces: ENOENT: no such file or directory, open '/home/nitrous/.heroku/node_modules/heroku-spaces/package.json'
2016/04/20 21:47:31 goroutine 1 [running]:
runtime/debug.Stack(0x0, 0x0, 0x0)
/usr/local/Cellar/go/1.6.1/libexec/src/runtime/debug/stack.go:24 +0x80
main.WarnIfError(0x7f6c37249028, 0xc8200e6150)
/Users/jdickey/src/github.com/heroku/heroku-cli/io.go:139 +0x131
main.SetupBuiltinPlugins.func1()
/Users/jdickey/src/github.com/heroku/heroku-cli/plugins.go:377 +0xa9
main.action(0x905360, 0x23, 0x890ed0, 0x4, 0xc8200d9cb0)
/Users/jdickey/src/github.com/heroku/heroku-cli/io.go:288 +0x1bb
main.SetupBuiltinPlugins()
/Users/jdickey/src/github.com/heroku/heroku-cli/plugins.go:382 +0xf5
main.glob.func1(0xc8200160f0)
/Users/jdickey/src/github.com/heroku/heroku-cli/command.go:227 +0x3f
main.(*Cli).Run(0xab8560, 0xc82000a270, 0x3, 0x3, 0xecea9ef00)
/Users/jdickey/src/github.com/heroku/heroku-cli/cli.go:83 +0x5d9
main.main()
/Users/jdickey/src/github.com/heroku/heroku-cli/main.go:102 +0x126

2016/04/20 21:47:32 heroku-cli: Installing core plugins (retrying)...
2016/04/20 21:47:36  !
2016/04/20 21:47:36  ▸    Error installing package. 
 ▸    npm WARN enoent ENOENT: no such file or directory, open '/home/nitrous/.heroku/package.json'
 ▸    npm WARN .heroku No description
 ▸    npm WARN .heroku No repository field.
 ▸    npm WARN .heroku No README data
 ▸    npm WARN .heroku No license field.
 ▸    npm ERR! Linux 4.2.0-18-generic
 ▸    npm ERR! argv "/home/nitrous/.heroku/node-5.10.1-linux-amd64/node" "/home/nitrous/.heroku/npm-3.8.5/cli.js" "install" "heroku-fork" "heroku-orgs" "heroku-pipelines" "heroku-spaces"
 ▸    npm ERR! node v5.10.1
 ▸    npm ERR! npm  v3.8.5
 ▸    npm ERR! path /home/nitrous/.heroku/node_modules/heroku-local
 ▸    npm ERR! code EXDEV
 ▸    npm ERR! errno -18
 ▸    npm ERR! syscall rename
 ▸    
 ▸    npm ERR! EXDEV: cross-device link not permitted, rename '/home/nitrous/.heroku/node_modules/heroku-local' -> '/home/nitrous/.heroku/node_modules/.heroku-local.DELETE'
 ▸    npm ERR! 
 ▸    npm ERR! If you need help, you may report this error at:
 ▸    npm ERR!     <https://github.com/npm/npm/issues>
 ▸    
 ▸    npm ERR! Please include the following file with any support request:
 ▸    npm ERR!     /home/nitrous/.heroku/npm-debug.log
 ▸    
 ▸    Try running again with GODE_DEBUG=info to see more output.
2016/04/20 21:47:36 goroutine 1 [running]:
runtime/debug.Stack(0x0, 0x0, 0x0)
/usr/local/Cellar/go/1.6.1/libexec/src/runtime/debug/stack.go:24 +0x80
main.ExitIfError(0x7f6c37249028, 0xc8203e42a0)
/Users/jdickey/src/github.com/heroku/heroku-cli/io.go:183 +0x132
main.SetupBuiltinPlugins.func1()
/Users/jdickey/src/github.com/heroku/heroku-cli/plugins.go:380 +0x1de
main.action(0x905360, 0x23, 0x890ed0, 0x4, 0xc8200d9cb0)
/Users/jdickey/src/github.com/heroku/heroku-cli/io.go:288 +0x1bb
main.SetupBuiltinPlugins()
/Users/jdickey/src/github.com/heroku/heroku-cli/plugins.go:382 +0xf5
main.glob.func1(0xc8200160f0)
/Users/jdickey/src/github.com/heroku/heroku-cli/command.go:227 +0x3f
main.(*Cli).Run(0xab8560, 0xc82000a270, 0x3, 0x3, 0xecea9ef00)
/Users/jdickey/src/github.com/heroku/heroku-cli/cli.go:83 +0x5d9
main.main()
/Users/jdickey/src/github.com/heroku/heroku-cli/main.go:102 +0x126

2016/04/20 22:13:04 heroku-cli: Installing core plugins...
2016/04/20 22:13:11  !
2016/04/20 22:13:11  ▸    npm ERR! error in /home/nitrous/.heroku/node_modules/heroku-spaces: ENOENT: no such file or directory, open '/home/nitrous/.heroku/node_modules/heroku-spaces/package.json'
2016/04/20 22:13:11 goroutine 1 [running]:
runtime/debug.Stack(0x0, 0x0, 0x0)
/usr/local/Cellar/go/1.6.1/libexec/src/runtime/debug/stack.go:24 +0x80
main.WarnIfError(0x7f246076d028, 0xc8200e6170)
/Users/jdickey/src/github.com/heroku/heroku-cli/io.go:139 +0x131
main.SetupBuiltinPlugins.func1()
/Users/jdickey/src/github.com/heroku/heroku-cli/plugins.go:377 +0xa9
main.action(0x905360, 0x23, 0x890ed0, 0x4, 0xc8200d9cb0)
/Users/jdickey/src/github.com/heroku/heroku-cli/io.go:288 +0x1bb
main.SetupBuiltinPlugins()
/Users/jdickey/src/github.com/heroku/heroku-cli/plugins.go:382 +0xf5
main.glob.func1(0xc8200160f0)
/Users/jdickey/src/github.com/heroku/heroku-cli/command.go:227 +0x3f
main.(*Cli).Run(0xab8560, 0xc82000a270, 0x3, 0x3, 0xecea9f500)
/Users/jdickey/src/github.com/heroku/heroku-cli/cli.go:83 +0x5d9
main.main()
/Users/jdickey/src/github.com/heroku/heroku-cli/main.go:102 +0x126

2016/04/20 22:13:12 heroku-cli: Installing core plugins (retrying)...
2016/04/20 22:13:20  !
2016/04/20 22:13:20  ▸    Error installing package. 
 ▸    npm WARN enoent ENOENT: no such file or directory, open '/home/nitrous/.heroku/package.json'
 ▸    npm WARN .heroku No description
 ▸    npm WARN .heroku No repository field.
 ▸    npm WARN .heroku No README data
 ▸    npm WARN .heroku No license field.
 ▸    npm ERR! Linux 4.2.0-18-generic
 ▸    npm ERR! argv "/home/nitrous/.heroku/node-5.10.1-linux-amd64/node" "/home/nitrous/.heroku/npm-3.8.5/cli.js" "install" "heroku-git" "heroku-local" "heroku-orgs" "heroku-pipelines" "heroku-spaces"
 ▸    npm ERR! node v5.10.1
 ▸    npm ERR! npm  v3.8.5
 ▸    npm ERR! path /home/nitrous/.heroku/node_modules/heroku-status
 ▸    npm ERR! code EXDEV
 ▸    npm ERR! errno -18
 ▸    npm ERR! syscall rename
 ▸    
 ▸    npm ERR! EXDEV: cross-device link not permitted, rename '/home/nitrous/.heroku/node_modules/heroku-status' -> '/home/nitrous/.heroku/node_modules/.heroku-status.DELETE'
 ▸    npm ERR! 
 ▸    npm ERR! If you need help, you may report this error at:
 ▸    npm ERR!     <https://github.com/npm/npm/issues>
 ▸    
 ▸    npm ERR! Please include the following file with any support request:
 ▸    npm ERR!     /home/nitrous/.heroku/npm-debug.log
 ▸    
 ▸    Try running again with GODE_DEBUG=info to see more output.
2016/04/20 22:13:20 goroutine 1 [running]:
runtime/debug.Stack(0x0, 0x0, 0x0)
/usr/local/Cellar/go/1.6.1/libexec/src/runtime/debug/stack.go:24 +0x80
main.ExitIfError(0x7f246076d028, 0xc8203de370)
/Users/jdickey/src/github.com/heroku/heroku-cli/io.go:183 +0x132
main.SetupBuiltinPlugins.func1()
/Users/jdickey/src/github.com/heroku/heroku-cli/plugins.go:380 +0x1de
main.action(0x905360, 0x23, 0x890ed0, 0x4, 0xc8200d9cb0)
/Users/jdickey/src/github.com/heroku/heroku-cli/io.go:288 +0x1bb
main.SetupBuiltinPlugins()
/Users/jdickey/src/github.com/heroku/heroku-cli/plugins.go:382 +0xf5
main.glob.func1(0xc8200160f0)
/Users/jdickey/src/github.com/heroku/heroku-cli/command.go:227 +0x3f
main.(*Cli).Run(0xab8560, 0xc82000a270, 0x3, 0x3, 0xecea9f500)
/Users/jdickey/src/github.com/heroku/heroku-cli/cli.go:83 +0x5d9
main.main()
/Users/jdickey/src/github.com/heroku/heroku-cli/main.go:102 +0x126

2016/04/20 22:48:40 heroku-cli: Installing core plugins...
2016/04/20 22:48:51 heroku-cli: Installing core plugins (retrying)...
2016/04/20 22:49:01  done
2016/04/20 22:49:01 Email: 
2016/04/20 22:49:32 open /home/nitrous/.heroku/config.json: no such file or directory
2016/04/20 23:17:38 open /home/nitrous/.heroku/config.json: no such file or directory
2016/04/20 23:21:22 open /home/nitrous/.heroku/config.json: no such file or directory
Heroku client internal error.
Unable to find a browser command. If this is unexpected, Please rerun with environment variable LAUNCHY_DEBUG=true or the '-d' commandline option and file a bug at https://github.com/copiousfreetime/launchy/issues/new
/usr/local/heroku/vendor/gems/launchy-2.4.3/lib/launchy/applications/browser.rb:63:in `browser_cmdline'
/usr/local/heroku/vendor/gems/launchy-2.4.3/lib/launchy/applications/browser.rb:67:in `cmd_and_args'
/usr/local/heroku/vendor/gems/launchy-2.4.3/lib/launchy/applications/browser.rb:78:in `open'
/usr/local/heroku/vendor/gems/launchy-2.4.3/lib/launchy.rb:29:in `open'
/usr/local/heroku/lib/heroku/helpers.rb:389:in `block in launchy'
/usr/local/heroku/lib/heroku/helpers.rb:280:in `action'
/usr/local/heroku/lib/heroku/helpers.rb:387:in `launchy'
/usr/local/heroku/lib/heroku/command/apps.rb:233:in `open'
/usr/local/heroku/lib/heroku/command.rb:212:in `run'
/usr/local/heroku/lib/heroku/cli.rb:30:in `start'
/usr/bin/heroku:25:in `<main>'
Heroku client internal error.
Unable to find a browser command. If this is unexpected, Please rerun with environment variable LAUNCHY_DEBUG=true or the '-d' commandline option and file a bug at https://github.com/copiousfreetime/launchy/issues/new
/usr/local/heroku/vendor/gems/launchy-2.4.3/lib/launchy/applications/browser.rb:63:in `browser_cmdline'
/usr/local/heroku/vendor/gems/launchy-2.4.3/lib/launchy/applications/browser.rb:67:in `cmd_and_args'
/usr/local/heroku/vendor/gems/launchy-2.4.3/lib/launchy/applications/browser.rb:78:in `open'
/usr/local/heroku/vendor/gems/launchy-2.4.3/lib/launchy.rb:29:in `open'
/usr/local/heroku/lib/heroku/helpers.rb:389:in `block in launchy'
/usr/local/heroku/lib/heroku/helpers.rb:280:in `action'
/usr/local/heroku/lib/heroku/helpers.rb:387:in `launchy'
/usr/local/heroku/lib/heroku/command/apps.rb:233:in `open'
/usr/local/heroku/lib/heroku/command.rb:212:in `run'
/usr/local/heroku/lib/heroku/cli.rb:30:in `start'
/usr/bin/heroku:25:in `<main>'
2016/04/20 23:34:03 open /home/nitrous/.heroku/config.json: no such file or directory
Heroku client internal error.
Unable to find a browser command. If this is unexpected, Please rerun with environment variable LAUNCHY_DEBUG=true or the '-d' commandline option and file a bug at https://github.com/copiousfreetime/launchy/issues/new
/usr/local/heroku/vendor/gems/launchy-2.4.3/lib/launchy/applications/browser.rb:63:in `browser_cmdline'
/usr/local/heroku/vendor/gems/launchy-2.4.3/lib/launchy/applications/browser.rb:67:in `cmd_and_args'
/usr/local/heroku/vendor/gems/launchy-2.4.3/lib/launchy/applications/browser.rb:78:in `open'
/usr/local/heroku/vendor/gems/launchy-2.4.3/lib/launchy.rb:29:in `open'
/usr/local/heroku/lib/heroku/helpers.rb:389:in `block in launchy'
/usr/local/heroku/lib/heroku/helpers.rb:280:in `action'
/usr/local/heroku/lib/heroku/helpers.rb:387:in `launchy'
/usr/local/heroku/lib/heroku/command/apps.rb:233:in `open'
/usr/local/heroku/lib/heroku/command.rb:212:in `run'
/usr/local/heroku/lib/heroku/cli.rb:30:in `start'
/usr/bin/heroku:25:in `<main>'
2016/04/20 23:39:04 open /home/nitrous/.heroku/config.json: no such file or directory
2016/04/20 23:40:08 open /home/nitrous/.heroku/config.json: no such file or directory
